[15-Jun-2021 03:49:52 Europe/Berlin] PHP Warning:  Undefined variable $word in C:\xampp\htdocs\synonyms\puzzle1.php on line 54
[15-Jun-2021 03:49:52 Europe/Berlin] The input word is : 
[15-Jun-2021 03:49:52 Europe/Berlin] PHP Warning:  Undefined variable $word in C:\xampp\htdocs\synonyms\puzzle1.php on line 56
[15-Jun-2021 03:49:52 Europe/Berlin] PHP Warning:  Undefined variable $word in C:\xampp\htdocs\synonyms\puzzle1.php on line 57
[15-Jun-2021 03:49:52 Europe/Berlin] PHP Warning:  Undefined variable $word in C:\xampp\htdocs\synonyms\puzzle1.php on line 61
[15-Jun-2021 03:49:52 Europe/Berlin] It contains 0 characters
[15-Jun-2021 03:51:40 Europe/Berlin] PHP Warning:  Undefined variable $word in C:\xampp\htdocs\synonyms\puzzle1.php on line 54
[15-Jun-2021 03:51:40 Europe/Berlin] The input word is : 
[15-Jun-2021 03:51:40 Europe/Berlin] PHP Warning:  Undefined variable $word in C:\xampp\htdocs\synonyms\puzzle1.php on line 56
[15-Jun-2021 03:51:40 Europe/Berlin] PHP Warning:  Undefined variable $word in C:\xampp\htdocs\synonyms\puzzle1.php on line 57
[15-Jun-2021 03:51:40 Europe/Berlin] PHP Warning:  Undefined variable $word in C:\xampp\htdocs\synonyms\puzzle1.php on line 61
[15-Jun-2021 03:51:40 Europe/Berlin] It contains 0 characters
[15-Jun-2021 03:51:43 Europe/Berlin] PHP Warning:  Undefined variable $word in C:\xampp\htdocs\synonyms\puzzle1.php on line 54
[15-Jun-2021 03:51:43 Europe/Berlin] The input word is : 
[15-Jun-2021 03:51:43 Europe/Berlin] PHP Warning:  Undefined variable $word in C:\xampp\htdocs\synonyms\puzzle1.php on line 56
[15-Jun-2021 03:51:43 Europe/Berlin] PHP Warning:  Undefined variable $word in C:\xampp\htdocs\synonyms\puzzle1.php on line 57
[15-Jun-2021 03:51:43 Europe/Berlin] PHP Warning:  Undefined variable $word in C:\xampp\htdocs\synonyms\puzzle1.php on line 61
[15-Jun-2021 03:51:43 Europe/Berlin] It contains 0 characters
[15-Jun-2021 03:51:48 Europe/Berlin] The input word is : fish
[15-Jun-2021 03:51:48 Europe/Berlin] It contains 4 characters
[15-Jun-2021 03:51:48 Europe/Berlin]  This is the trimmed collection for f
[15-Jun-2021 03:51:48 Europe/Berlin] The words selected for each character are: 
[15-Jun-2021 03:51:48 Europe/Berlin]  This is the trimmed collection for i
[15-Jun-2021 03:51:48 Europe/Berlin] The words selected for each character are: 
[15-Jun-2021 03:51:49 Europe/Berlin]  This is the trimmed collection for s
[15-Jun-2021 03:51:49 Europe/Berlin] The words selected for each character are: 
[15-Jun-2021 03:51:49 Europe/Berlin]  This is the trimmed collection for h
[15-Jun-2021 03:51:49 Europe/Berlin] The words selected for each character are: 
